#
# A fatal error has been detected by the Java Runtime Environment:
#
#  SIGBUS (0xa) at pc=0x000000010ed15eb9, pid=682, tid=5891
#
# JRE version: Java(TM) SE Runtime Environment (8.0_60-b27) (build 1.8.0_60-b27)
# Java VM: Java HotSpot(TM) 64-Bit Server VM (25.60-b23 mixed mode bsd-amd64 compressed oops)
# Problematic frame:
# C  [libzip.dylib+0x2eb9]  newEntry+0x154
#
# Failed to write core dump. Core dumps have been disabled. To enable core dumping, try "ulimit -c unlimited" before starting Java again
#
# If you would like to submit a bug report, please visit:
#   http://bugreport.java.com/bugreport/crash.jsp
# The crash happened outside the Java Virtual Machine in native code.
# See problematic frame for where to report the bug.
#

---------------  T H R E A D  ---------------

Current thread (0x00007fca13800000):  JavaThread "main" [_thread_in_native, id=5891, stack(0x000070000011a000,0x000070000021a000)]

siginfo: si_signo: 10 (SIGBUS), si_code: 2 (BUS_ADRERR), si_addr: 0x0000000128c78365

Registers:
RAX=0x00007fca10c275c0, RBX=0x0000000128c78359, RCX=0x0000000000000200, RDX=0x0000000000000000
RSP=0x0000700000214290, RBP=0x00007000002142f0, RSI=0x00007fca13200000, RDI=0x000000010ea35c00
R8 =0x0000000000000004, R9 =0x00000000ffffe000, R10=0x0000000110f195d8, R11=0x00006ff869c62a16
R12=0x00007fca11071e00, R13=0x0000000000004a60, R14=0x0000000061c2df3b, R15=0x00007fca134165b0
RIP=0x000000010ed15eb9, EFLAGS=0x0000000000010206, ERR=0x0000000000000004
  TRAPNO=0x000000000000000e

Top of Stack: (sp=0x0000700000214290)
0x0000700000214290:   0000001000000000 0000000000800000
0x00007000002142a0:   00007000002142ee 0000700000214738
0x00007000002142b0:   00007000002142d0 00007fca10c275c0
0x00007000002142c0:   00007fca13223e80 00007fca10c275c0
0x00007000002142d0:   00007fca11071e00 0000000000004a60
0x00007000002142e0:   0000000061c2df3b 00007fca134165b0
0x00007000002142f0:   0000700000214350 000000010ed16554
0x0000700000214300:   000070000021437f 000070000021437e
0x0000700000214310:   0000000f00000000 0000001001800000
0x0000700000214320:   000070000021436e 00007000002147b8
0x0000700000214330:   0000000000000010 000070000021436e
0x0000700000214340:   00007fca10c275c0 00007fca138001f8
0x0000700000214350:   00007000002147a0 000000010ed1534f
0x0000700000214360:   000000072984e1d8 7378000700000001
0x0000700000214370:   746978452f697462 00007373616c632e
0x0000700000214380:   00000007297fad48 00000007292b9fb8
0x0000700000214390:   000000072935cc78 00000007293cb2c0
0x00007000002143a0:   000000072935e0b0 00000001293bb3c8
0x00007000002143b0:   0000000729810e00 000000012935f638
0x00007000002143c0:   0000000796579ad8 0000002e292b9ff8
0x00007000002143d0:   000000072935e0b0 0000002d2938dda0
0x00007000002143e0:   000070002980e158 000000072935e090
0x00007000002143f0:   00000000298106f0 000000012935e0d0
0x0000700000214400:   00000000297f7ef0 0000000129810de0
0x0000700000214410:   000000072935f618 0000000796579eb0
0x0000700000214420:   0000700000214480 00007fff872e2ed2
0x0000700000214430:   0000700000214608 00007000002145f8
0x0000700000214440:   000070002980e118 00007000002145e8
0x0000700000214450:   00000000298106d0 0000000000000000
0x0000700000214460:   000000011040afba 0000000000000018
0x0000700000214470:   0000000000000000 00007fff8732c9a0
0x0000700000214480:   0000700000214870 00007fff872ed653 

Instructions: (pc=0x000000010ed15eb9)
0x000000010ed15e99:   49 8b 7f 38 e8 50 1b 00 00 4d 89 77 38 49 89 5f
0x000000010ed15ea9:   40 4c 89 f0 48 85 c0 0f 84 11 05 00 00 48 89 c3
0x000000010ed15eb9:   0f b6 43 0c 0f b6 4b 0d 48 c1 e1 08 48 01 c1 0f
0x000000010ed15ec9:   b6 43 0e 0f b6 53 0f 48 c1 e2 08 48 01 c2 48 c1 

Register to memory mapping:

RAX=0x00007fca10c275c0 is an unknown value
RBX=0x0000000128c78359 is an unknown value
RCX=0x0000000000000200 is an unknown value
RDX=0x0000000000000000 is an unknown value
RSP=0x0000700000214290 is pointing into the stack for thread: 0x00007fca13800000
RBP=0x00007000002142f0 is pointing into the stack for thread: 0x00007fca13800000
RSI=0x00007fca13200000 is an unknown value
RDI=0x000000010ea35c00 is an unknown value
R8 =0x0000000000000004 is an unknown value
R9 =0x00000000ffffe000 is an unknown value
R10=0x0000000110f195d8 is at entry_point+88 in (nmethod*)0x0000000110f19410
R11=0x00006ff869c62a16 is an unknown value
R12=0x00007fca11071e00 is an unknown value
R13=0x0000000000004a60 is an unknown value
R14=0x0000000061c2df3b is an unknown value
R15=0x00007fca134165b0 is an unknown value


Stack: [0x000070000011a000,0x000070000021a000],  sp=0x0000700000214290,  free space=1000k
Native frames: (J=compiled Java code, j=interpreted, Vv=VM code, C=native code)
C  [libzip.dylib+0x2eb9]  newEntry+0x154
C  [libzip.dylib+0x3554]  ZIP_GetEntry2+0xd4
C  [libzip.dylib+0x234f]  Java_java_util_zip_ZipFile_getEntry+0xcf
J 264  java.util.zip.ZipFile.getEntry(J[BZ)J (0 bytes) @ 0x0000000110f1964e [0x0000000110f19580+0xce]
J 7751 C2 java.util.jar.JarFile.getEntry(Ljava/lang/String;)Ljava/util/zip/ZipEntry; (22 bytes) @ 0x000000011195d198 [0x000000011195ce40+0x358]
J 4236 C2 sun.misc.URLClassPath$JarLoader.getResource(Ljava/lang/String;Z)Lsun/misc/Resource; (85 bytes) @ 0x00000001118c5bb0 [0x00000001118c59a0+0x210]
J 7750 C2 java.net.URLClassLoader$1.run()Ljava/lang/Class; (63 bytes) @ 0x0000000111bfbeac [0x0000000111bfb940+0x56c]
J 8755 C2 java.net.URLClassLoader$1.run()Ljava/lang/Object; (5 bytes) @ 0x00000001111bbb94 [0x00000001111bbb60+0x34]
v  ~StubRoutines::call_stub
V  [libjvm.dylib+0x2eab0e]  JavaCalls::call_helper(JavaValue*, methodHandle*, JavaCallArguments*, Thread*)+0x6ae
V  [libjvm.dylib+0x34afd8]  JVM_DoPrivileged+0x4b8
J 341  java.security.AccessController.doPrivileged(Ljava/security/PrivilegedExceptionAction;Ljava/security/AccessControlContext;)Ljava/lang/Object; (0 bytes) @ 0x0000000110f44295 [0x0000000110f441c0+0xd5]
J 1259 C2 java.net.URLClassLoader.findClass(Ljava/lang/String;)Ljava/lang/Class; (47 bytes) @ 0x000000011114943c [0x00000001111493a0+0x9c]
J 1145 C2 java.lang.ClassLoader.loadClass(Ljava/lang/String;Z)Ljava/lang/Class; (122 bytes) @ 0x000000011110ecbc [0x000000011110e8c0+0x3fc]
J 357 C1 sun.misc.Launcher$AppClassLoader.loadClass(Ljava/lang/String;Z)Ljava/lang/Class; (85 bytes) @ 0x0000000110f53024 [0x0000000110f52680+0x9a4]
J 1145 C2 java.lang.ClassLoader.loadClass(Ljava/lang/String;Z)Ljava/lang/Class; (122 bytes) @ 0x000000011110ebb0 [0x000000011110e8c0+0x2f0]
J 2468 C2 xsbt.boot.BootFilteredLoader.loadClass(Ljava/lang/String;Z)Ljava/lang/Class; (52 bytes) @ 0x0000000111469a00 [0x00000001114696e0+0x320]
J 1145 C2 java.lang.ClassLoader.loadClass(Ljava/lang/String;Z)Ljava/lang/Class; (122 bytes) @ 0x000000011110ebb0 [0x000000011110e8c0+0x2f0]
J 1145 C2 java.lang.ClassLoader.loadClass(Ljava/lang/String;Z)Ljava/lang/Class; (122 bytes) @ 0x000000011110ebb0 [0x000000011110e8c0+0x2f0]
J 2964 C2 java.lang.ClassLoader.loadClass(Ljava/lang/String;)Ljava/lang/Class; (7 bytes) @ 0x00000001115bb6e0 [0x00000001115bb6a0+0x40]
v  ~StubRoutines::call_stub
V  [libjvm.dylib+0x2eab0e]  JavaCalls::call_helper(JavaValue*, methodHandle*, JavaCallArguments*, Thread*)+0x6ae
V  [libjvm.dylib+0x2eb29c]  JavaCalls::call_virtual(JavaValue*, KlassHandle, Symbol*, Symbol*, JavaCallArguments*, Thread*)+0x164
V  [libjvm.dylib+0x2eb3f4]  JavaCalls::call_virtual(JavaValue*, Handle, KlassHandle, Symbol*, Symbol*, Handle, Thread*)+0x56
V  [libjvm.dylib+0x533650]  SystemDictionary::load_instance_class(Symbol*, Handle, Thread*)+0x2d8
V  [libjvm.dylib+0x532de9]  SystemDictionary::resolve_instance_class_or_null(Symbol*, Handle, Handle, Thread*)+0x48f
V  [libjvm.dylib+0x53386c]  SystemDictionary::resolve_or_null(Symbol*, Handle, Handle, Thread*)+0x106
V  [libjvm.dylib+0x533a2a]  SystemDictionary::resolve_super_or_fail(Symbol*, Symbol*, Handle, Handle, bool, Thread*)+0x1bc
V  [libjvm.dylib+0x185c7c]  ClassFileParser::parse_interfaces(int, Handle, Symbol*, bool*, Thread*)+0x17e
V  [libjvm.dylib+0x1879fa]  ClassFileParser::parseClassFile(Symbol*, ClassLoaderData*, Handle, KlassHandle, GrowableArray<Handle>*, TempNewSymbol&, bool, Thread*)+0xb2e
V  [libjvm.dylib+0x5327ab]  SystemDictionary::resolve_from_stream(Symbol*, Handle, Handle, ClassFileStream*, bool, Thread*)+0xff
V  [libjvm.dylib+0x34cefa]  jvm_define_class_common(JNIEnv_*, char const*, _jobject*, signed char const*, int, _jobject*, char const*, unsigned char, Thread*)+0x23a
V  [libjvm.dylib+0x34d08e]  JVM_DefineClassWithSource+0x77
C  [libjava.dylib+0x2ed6]  Java_java_lang_ClassLoader_defineClass1+0x199
J 449  java.lang.ClassLoader.defineClass1(Ljava/lang/String;[BIILjava/security/ProtectionDomain;Ljava/lang/String;)Ljava/lang/Class; (0 bytes) @ 0x0000000110f93f0b [0x0000000110f93e00+0x10b]
J 4454 C1 java.lang.ClassLoader.defineClass(Ljava/lang/String;[BIILjava/security/ProtectionDomain;)Ljava/lang/Class; (43 bytes) @ 0x000000011192369c [0x00000001119230c0+0x5dc]
J 4211 C2 java.security.SecureClassLoader.defineClass(Ljava/lang/String;[BIILjava/security/CodeSource;)Ljava/lang/Class; (16 bytes) @ 0x00000001118c24e0 [0x00000001118c2080+0x460]
J 7750 C2 java.net.URLClassLoader$1.run()Ljava/lang/Class; (63 bytes) @ 0x0000000111bfd13c [0x0000000111bfb940+0x17fc]
J 8755 C2 java.net.URLClassLoader$1.run()Ljava/lang/Object; (5 bytes) @ 0x00000001111bbb94 [0x00000001111bbb60+0x34]
v  ~StubRoutines::call_stub
V  [libjvm.dylib+0x2eab0e]  JavaCalls::call_helper(JavaValue*, methodHandle*, JavaCallArguments*, Thread*)+0x6ae
V  [libjvm.dylib+0x34afd8]  JVM_DoPrivileged+0x4b8
J 341  java.security.AccessController.doPrivileged(Ljava/security/PrivilegedExceptionAction;Ljava/security/AccessControlContext;)Ljava/lang/Object; (0 bytes) @ 0x0000000110f44295 [0x0000000110f441c0+0xd5]
J 1259 C2 java.net.URLClassLoader.findClass(Ljava/lang/String;)Ljava/lang/Class; (47 bytes) @ 0x000000011114943c [0x00000001111493a0+0x9c]
J 1145 C2 java.lang.ClassLoader.loadClass(Ljava/lang/String;Z)Ljava/lang/Class; (122 bytes) @ 0x000000011110ecbc [0x000000011110e8c0+0x3fc]
J 2964 C2 java.lang.ClassLoader.loadClass(Ljava/lang/String;)Ljava/lang/Class; (7 bytes) @ 0x00000001115bb6e0 [0x00000001115bb6a0+0x40]
v  ~StubRoutines::call_stub
V  [libjvm.dylib+0x2eab0e]  JavaCalls::call_helper(JavaValue*, methodHandle*, JavaCallArguments*, Thread*)+0x6ae
V  [libjvm.dylib+0x2eb29c]  JavaCalls::call_virtual(JavaValue*, KlassHandle, Symbol*, Symbol*, JavaCallArguments*, Thread*)+0x164
V  [libjvm.dylib+0x2eb3f4]  JavaCalls::call_virtual(JavaValue*, Handle, KlassHandle, Symbol*, Symbol*, Handle, Thread*)+0x56
V  [libjvm.dylib+0x533650]  SystemDictionary::load_instance_class(Symbol*, Handle, Thread*)+0x2d8
V  [libjvm.dylib+0x532de9]  SystemDictionary::resolve_instance_class_or_null(Symbol*, Handle, Handle, Thread*)+0x48f
V  [libjvm.dylib+0x53386c]  SystemDictionary::resolve_or_null(Symbol*, Handle, Handle, Thread*)+0x106
V  [libjvm.dylib+0x533edb]  SystemDictionary::resolve_or_fail(Symbol*, Handle, Handle, bool, Thread*)+0x31
V  [libjvm.dylib+0x1e1796]  ConstantPool::klass_at_impl(constantPoolHandle, int, Thread*)+0x2ee
V  [libjvm.dylib+0x1f1a5a]  ConstantPool::klass_at(int, Thread*)+0x92
V  [libjvm.dylib+0x2e64eb]  InterpreterRuntime::_new(JavaThread*, ConstantPool*, int)+0x2d
j  sbt.State$$anon$1.exit(Z)Lsbt/State;+14
j  sbt.BasicCommands$$anonfun$exit$1.apply(Lsbt/State;)Lsbt/State;+8
j  sbt.BasicCommands$$anonfun$exit$1.apply(Ljava/lang/Object;)Ljava/lang/Object;+5
j  sbt.Command$$anonfun$command$1$$anonfun$apply$1.apply()Lsbt/State;+11
j  sbt.Command$$anonfun$command$1$$anonfun$apply$1.apply()Ljava/lang/Object;+1
j  sbt.Command$.process(Ljava/lang/String;Lsbt/State;)Lsbt/State;+55
j  sbt.MainLoop$$anonfun$1$$anonfun$apply$1.apply(Ljava/lang/String;Lsbt/State;)Lsbt/State;+5
j  sbt.MainLoop$$anonfun$1$$anonfun$apply$1.apply(Ljava/lang/Object;Ljava/lang/Object;)Ljava/lang/Object;+9
j  sbt.State$$anon$1.process(Lscala/Function2;)Lsbt/State;+270
j  sbt.MainLoop$$anonfun$1.apply()Lsbt/State;+18
j  sbt.MainLoop$$anonfun$1.apply()Ljava/lang/Object;+1
J 6718 C1 sbt.ErrorHandling$.wideConvert(Lscala/Function0;)Lscala/util/Either; (131 bytes) @ 0x00000001113e55ac [0x00000001113e5400+0x1ac]
j  sbt.MainLoop$.next(Lsbt/State;)Lsbt/State;+17
j  sbt.MainLoop$.run(Lsbt/State;)Lsbt/MainLoop$RunNext;+34
j  sbt.MainLoop$$anonfun$runWithNewLog$1.apply(Ljava/io/BufferedWriter;)Lsbt/MainLoop$RunNext;+151
j  sbt.MainLoop$$anonfun$runWithNewLog$1.apply(Ljava/lang/Object;)Ljava/lang/Object;+5
j  sbt.Using.apply(Ljava/lang/Object;Lscala/Function1;)Ljava/lang/Object;+8
j  sbt.MainLoop$.runWithNewLog(Lsbt/State;Lsbt/GlobalLogBacking;)Lsbt/MainLoop$RunNext;+35
j  sbt.MainLoop$.runAndClearLast(Lsbt/State;Lsbt/GlobalLogBacking;)Lsbt/MainLoop$RunNext;+3
j  sbt.MainLoop$.runLoggedLoop(Lsbt/State;Lsbt/GlobalLogBacking;)Lxsbti/MainResult;+3
j  sbt.MainLoop$.runLogged(Lsbt/State;)Lxsbti/MainResult;+31
j  sbt.StandardMain$.runManaged(Lsbt/State;)Lxsbti/MainResult;+11
j  sbt.xMain.run(Lxsbti/AppConfiguration;)Lxsbti/MainResult;+100
j  xsbt.boot.Launch$$anonfun$run$1.apply()Ljava/lang/Object;+10
j  xsbt.boot.Launch$.withContextLoader(Ljava/lang/ClassLoader;Lscala/Function0;)Ljava/lang/Object;+15
j  xsbt.boot.Launch$.run(Lxsbti/Launcher;Lxsbt/boot/RunConfiguration;)Lxsbti/MainResult;+97
j  xsbt.boot.Launch$$anonfun$apply$1.apply(Ljava/lang/Object;)Ljava/lang/Object;+16
j  xsbt.boot.Launch$.launch(Lscala/Function1;Lxsbt/boot/RunConfiguration;)Lscala/Option;+2
j  xsbt.boot.Launch$.apply(Lxsbt/boot/LauncherArguments;)Lscala/Option;+876
j  xsbt.boot.Boot$.runImpl(Lxsbt/boot/LauncherArguments;)Lscala/Option;+4
j  xsbt.boot.Boot$.main([Ljava/lang/String;)V+291
j  xsbt.boot.Boot.main([Ljava/lang/String;)V+4
v  ~StubRoutines::call_stub
V  [libjvm.dylib+0x2eab0e]  JavaCalls::call_helper(JavaValue*, methodHandle*, JavaCallArguments*, Thread*)+0x6ae
V  [libjvm.dylib+0x321820]  jni_invoke_static(JNIEnv_*, JavaValue*, _jobject*, JNICallType, _jmethodID*, JNI_ArgumentPusher*, Thread*)+0x1bf
V  [libjvm.dylib+0x31a59a]  jni_CallStaticVoidMethod+0x15d
C  [java+0x393e]  JavaMain+0x9b1
C  [libsystem_pthread.dylib+0x399d]  _pthread_body+0x83
C  [libsystem_pthread.dylib+0x391a]  _pthread_body+0x0
C  [libsystem_pthread.dylib+0x1351]  thread_start+0xd
C  0x0000000000000000

Java frames: (J=compiled Java code, j=interpreted, Vv=VM code)
J 264  java.util.zip.ZipFile.getEntry(J[BZ)J (0 bytes) @ 0x0000000110f195d8 [0x0000000110f19580+0x58]
J 7751 C2 java.util.jar.JarFile.getEntry(Ljava/lang/String;)Ljava/util/zip/ZipEntry; (22 bytes) @ 0x000000011195d198 [0x000000011195ce40+0x358]
J 4236 C2 sun.misc.URLClassPath$JarLoader.getResource(Ljava/lang/String;Z)Lsun/misc/Resource; (85 bytes) @ 0x00000001118c5bb0 [0x00000001118c59a0+0x210]
J 7750 C2 java.net.URLClassLoader$1.run()Ljava/lang/Class; (63 bytes) @ 0x0000000111bfbeac [0x0000000111bfb940+0x56c]
J 8755 C2 java.net.URLClassLoader$1.run()Ljava/lang/Object; (5 bytes) @ 0x00000001111bbb94 [0x00000001111bbb60+0x34]
v  ~StubRoutines::call_stub
J 341  java.security.AccessController.doPrivileged(Ljava/security/PrivilegedExceptionAction;Ljava/security/AccessControlContext;)Ljava/lang/Object; (0 bytes) @ 0x0000000110f44223 [0x0000000110f441c0+0x63]
J 1259 C2 java.net.URLClassLoader.findClass(Ljava/lang/String;)Ljava/lang/Class; (47 bytes) @ 0x000000011114943c [0x00000001111493a0+0x9c]
J 1145 C2 java.lang.ClassLoader.loadClass(Ljava/lang/String;Z)Ljava/lang/Class; (122 bytes) @ 0x000000011110ecbc [0x000000011110e8c0+0x3fc]
J 357 C1 sun.misc.Launcher$AppClassLoader.loadClass(Ljava/lang/String;Z)Ljava/lang/Class; (85 bytes) @ 0x0000000110f53024 [0x0000000110f52680+0x9a4]
J 1145 C2 java.lang.ClassLoader.loadClass(Ljava/lang/String;Z)Ljava/lang/Class; (122 bytes) @ 0x000000011110ebb0 [0x000000011110e8c0+0x2f0]
J 2468 C2 xsbt.boot.BootFilteredLoader.loadClass(Ljava/lang/String;Z)Ljava/lang/Class; (52 bytes) @ 0x0000000111469a00 [0x00000001114696e0+0x320]
J 1145 C2 java.lang.ClassLoader.loadClass(Ljava/lang/String;Z)Ljava/lang/Class; (122 bytes) @ 0x000000011110ebb0 [0x000000011110e8c0+0x2f0]
J 1145 C2 java.lang.ClassLoader.loadClass(Ljava/lang/String;Z)Ljava/lang/Class; (122 bytes) @ 0x000000011110ebb0 [0x000000011110e8c0+0x2f0]
J 2964 C2 java.lang.ClassLoader.loadClass(Ljava/lang/String;)Ljava/lang/Class; (7 bytes) @ 0x00000001115bb6e0 [0x00000001115bb6a0+0x40]
v  ~StubRoutines::call_stub
J 449  java.lang.ClassLoader.defineClass1(Ljava/lang/String;[BIILjava/security/ProtectionDomain;Ljava/lang/String;)Ljava/lang/Class; (0 bytes) @ 0x0000000110f93e91 [0x0000000110f93e00+0x91]
J 4454 C1 java.lang.ClassLoader.defineClass(Ljava/lang/String;[BIILjava/security/ProtectionDomain;)Ljava/lang/Class; (43 bytes) @ 0x000000011192369c [0x00000001119230c0+0x5dc]
J 4211 C2 java.security.SecureClassLoader.defineClass(Ljava/lang/String;[BIILjava/security/CodeSource;)Ljava/lang/Class; (16 bytes) @ 0x00000001118c24e0 [0x00000001118c2080+0x460]
J 7750 C2 java.net.URLClassLoader$1.run()Ljava/lang/Class; (63 bytes) @ 0x0000000111bfd13c [0x0000000111bfb940+0x17fc]
J 8755 C2 java.net.URLClassLoader$1.run()Ljava/lang/Object; (5 bytes) @ 0x00000001111bbb94 [0x00000001111bbb60+0x34]
v  ~StubRoutines::call_stub
J 341  java.security.AccessController.doPrivileged(Ljava/security/PrivilegedExceptionAction;Ljava/security/AccessControlContext;)Ljava/lang/Object; (0 bytes) @ 0x0000000110f44223 [0x0000000110f441c0+0x63]
J 1259 C2 java.net.URLClassLoader.findClass(Ljava/lang/String;)Ljava/lang/Class; (47 bytes) @ 0x000000011114943c [0x00000001111493a0+0x9c]
J 1145 C2 java.lang.ClassLoader.loadClass(Ljava/lang/String;Z)Ljava/lang/Class; (122 bytes) @ 0x000000011110ecbc [0x000000011110e8c0+0x3fc]
J 2964 C2 java.lang.ClassLoader.loadClass(Ljava/lang/String;)Ljava/lang/Class; (7 bytes) @ 0x00000001115bb6e0 [0x00000001115bb6a0+0x40]
v  ~StubRoutines::call_stub
j  sbt.State$$anon$1.exit(Z)Lsbt/State;+14
j  sbt.BasicCommands$$anonfun$exit$1.apply(Lsbt/State;)Lsbt/State;+8
j  sbt.BasicCommands$$anonfun$exit$1.apply(Ljava/lang/Object;)Ljava/lang/Object;+5
j  sbt.Command$$anonfun$command$1$$anonfun$apply$1.apply()Lsbt/State;+11
j  sbt.Command$$anonfun$command$1$$anonfun$apply$1.apply()Ljava/lang/Object;+1
j  sbt.Command$.process(Ljava/lang/String;Lsbt/State;)Lsbt/State;+55
j  sbt.MainLoop$$anonfun$1$$anonfun$apply$1.apply(Ljava/lang/String;Lsbt/State;)Lsbt/State;+5
j  sbt.MainLoop$$anonfun$1$$anonfun$apply$1.apply(Ljava/lang/Object;Ljava/lang/Object;)Ljava/lang/Object;+9
j  sbt.State$$anon$1.process(Lscala/Function2;)Lsbt/State;+270
j  sbt.MainLoop$$anonfun$1.apply()Lsbt/State;+18
j  sbt.MainLoop$$anonfun$1.apply()Ljava/lang/Object;+1
J 6718 C1 sbt.ErrorHandling$.wideConvert(Lscala/Function0;)Lscala/util/Either; (131 bytes) @ 0x00000001113e55ac [0x00000001113e5400+0x1ac]
j  sbt.MainLoop$.next(Lsbt/State;)Lsbt/State;+17
j  sbt.MainLoop$.run(Lsbt/State;)Lsbt/MainLoop$RunNext;+34
j  sbt.MainLoop$$anonfun$runWithNewLog$1.apply(Ljava/io/BufferedWriter;)Lsbt/MainLoop$RunNext;+151
j  sbt.MainLoop$$anonfun$runWithNewLog$1.apply(Ljava/lang/Object;)Ljava/lang/Object;+5
j  sbt.Using.apply(Ljava/lang/Object;Lscala/Function1;)Ljava/lang/Object;+8
j  sbt.MainLoop$.runWithNewLog(Lsbt/State;Lsbt/GlobalLogBacking;)Lsbt/MainLoop$RunNext;+35
j  sbt.MainLoop$.runAndClearLast(Lsbt/State;Lsbt/GlobalLogBacking;)Lsbt/MainLoop$RunNext;+3
j  sbt.MainLoop$.runLoggedLoop(Lsbt/State;Lsbt/GlobalLogBacking;)Lxsbti/MainResult;+3
j  sbt.MainLoop$.runLogged(Lsbt/State;)Lxsbti/MainResult;+31
j  sbt.StandardMain$.runManaged(Lsbt/State;)Lxsbti/MainResult;+11
j  sbt.xMain.run(Lxsbti/AppConfiguration;)Lxsbti/MainResult;+100
j  xsbt.boot.Launch$$anonfun$run$1.apply()Ljava/lang/Object;+10
j  xsbt.boot.Launch$.withContextLoader(Ljava/lang/ClassLoader;Lscala/Function0;)Ljava/lang/Object;+15
j  xsbt.boot.Launch$.run(Lxsbti/Launcher;Lxsbt/boot/RunConfiguration;)Lxsbti/MainResult;+97
j  xsbt.boot.Launch$$anonfun$apply$1.apply(Ljava/lang/Object;)Ljava/lang/Object;+16
j  xsbt.boot.Launch$.launch(Lscala/Function1;Lxsbt/boot/RunConfiguration;)Lscala/Option;+2
j  xsbt.boot.Launch$.apply(Lxsbt/boot/LauncherArguments;)Lscala/Option;+876
j  xsbt.boot.Boot$.runImpl(Lxsbt/boot/LauncherArguments;)Lscala/Option;+4
j  xsbt.boot.Boot$.main([Ljava/lang/String;)V+291
j  xsbt.boot.Boot.main([Ljava/lang/String;)V+4
v  ~StubRoutines::call_stub

---------------  P R O C E S S  ---------------

Java Threads: ( => current thread )
  0x00007fca190aa000 JavaThread "process reaper" daemon [_thread_blocked, id=26147, stack(0x0000700000097000,0x00007000000bf000)]
  0x00007fca12087800 JavaThread "RMI TCP Accept-0" daemon [_thread_in_native, id=22543, stack(0x00007000013d3000,0x00007000014d3000)]
  0x00007fca1281e800 JavaThread "Service Thread" daemon [_thread_blocked, id=20995, stack(0x00007000012d0000,0x00007000013d0000)]
  0x00007fca12048000 JavaThread "C1 CompilerThread3" daemon [_thread_blocked, id=20483, stack(0x00007000011cd000,0x00007000012cd000)]
  0x00007fca12816000 JavaThread "C2 CompilerThread2" daemon [_thread_blocked, id=19971, stack(0x00007000010ca000,0x00007000011ca000)]
  0x00007fca12047800 JavaThread "C2 CompilerThread1" daemon [_thread_blocked, id=19459, stack(0x0000700000fc7000,0x00007000010c7000)]
  0x00007fca1100c000 JavaThread "C2 CompilerThread0" daemon [_thread_blocked, id=18947, stack(0x0000700000ec4000,0x0000700000fc4000)]
  0x00007fca11004000 JavaThread "Signal Dispatcher" daemon [_thread_blocked, id=15887, stack(0x0000700000dc1000,0x0000700000ec1000)]
  0x00007fca1203d000 JavaThread "Finalizer" daemon [_thread_blocked, id=14339, stack(0x0000700000c3b000,0x0000700000d3b000)]
  0x00007fca1203c000 JavaThread "Reference Handler" daemon [_thread_blocked, id=13827, stack(0x0000700000b38000,0x0000700000c38000)]
=>0x00007fca13800000 JavaThread "main" [_thread_in_native, id=5891, stack(0x000070000011a000,0x000070000021a000)]

Other Threads:
  0x00007fca1203b800 VMThread [stack: 0x0000700000a35000,0x0000700000b35000] [id=13315]
  0x00007fca12835000 WatcherThread [stack: 0x00007000014d6000,0x00007000015d6000] [id=23043]

VM state:not at safepoint (normal execution)

VM Mutex/Monitor currently owned by a thread: None

Heap:
 PSYoungGen      total 611840K, used 27605K [0x0000000795580000, 0x00000007c0000000, 0x00000007c0000000)
  eden space 524800K, 5% used [0x0000000795580000,0x0000000797075490,0x00000007b5600000)
  from space 87040K, 0% used [0x00000007b5600000,0x00000007b5600000,0x00000007bab00000)
  to   space 87040K, 0% used [0x00000007bab00000,0x00000007bab00000,0x00000007c0000000)
 ParOldGen       total 1398272K, used 64877K [0x0000000740000000, 0x0000000795580000, 0x0000000795580000)
  object space 1398272K, 4% used [0x0000000740000000,0x0000000743f5b518,0x0000000795580000)
 Metaspace       used 61508K, capacity 61932K, committed 62080K, reserved 1099776K
  class space    used 11196K, capacity 11363K, committed 11392K, reserved 1048576K

Card table byte_map: [0x0000000120149000,0x000000012054a000] byte_map_base: 0x000000011c749000

Marking Bits: (ParMarkBitMap*) 0x00000001106dee20
 Begin Bits: [0x00000001207f5000, 0x00000001227f5000)
 End Bits:   [0x00000001227f5000, 0x00000001247f5000)

Polling page: 0x000000010ed09000

CodeCache: size=245760Kb used=22603Kb max_used=23335Kb free=223156Kb
 bounds [0x0000000110d89000, 0x0000000112499000, 0x000000011fd89000]
 total_blobs=7908 nmethods=7393 adapters=424
 compilation: enabled

Compilation events (10 events):
Event: 611.905 Thread 0x00007fca12048000 9055       1       java.io.InputStream::available (2 bytes)
Event: 611.905 Thread 0x00007fca12048000 nmethod 9055 0x000000011202e590 code [0x000000011202e6e0, 0x000000011202e7f0]
Event: 611.993 Thread 0x00007fca12047800 9056  s    4       java.util.Hashtable::get (69 bytes)
Event: 611.999 Thread 0x00007fca12047800 nmethod 9056 0x000000011212bd50 code [0x000000011212bec0, 0x000000011212c618]
Event: 612.003 Thread 0x00007fca12048000 9059       3       sbt.complete.Parsers$$anonfun$Letter$1::apply (12 bytes)
Event: 612.003 Thread 0x00007fca12816000 9060       4       sbt.complete.SeqParser::derive (126 bytes)
Event: 612.004 Thread 0x00007fca12048000 nmethod 9059 0x00000001116edc10 code [0x00000001116ede00, 0x00000001116ee7b8]
Event: 612.004 Thread 0x00007fca12048000 9057       3       sbt.complete.StringLiteral::result (5 bytes)
Event: 612.004 Thread 0x00007fca12048000 nmethod 9057 0x00000001120da6d0 code [0x00000001120da840, 0x00000001120daa70]
Event: 612.004 Thread 0x00007fca12048000 9058       3       sbt.complete.StringLiteral::result (4 bytes)

GC Heap History (10 events):
Event: 211.504 GC heap before
{Heap before GC invocations=9 (full 4):
 PSYoungGen      total 611840K, used 524800K [0x0000000795580000, 0x00000007c0000000, 0x00000007c0000000)
  eden space 524800K, 100% used [0x0000000795580000,0x00000007b5600000,0x00000007b5600000)
  from space 87040K, 0% used [0x00000007bab00000,0x00000007bab00000,0x00000007c0000000)
  to   space 87040K, 0% used [0x00000007b5600000,0x00000007b5600000,0x00000007bab00000)
 ParOldGen       total 1398272K, used 17574K [0x0000000740000000, 0x0000000795580000, 0x0000000795580000)
  object space 1398272K, 1% used [0x0000000740000000,0x0000000741129810,0x0000000795580000)
 Metaspace       used 60579K, capacity 60998K, committed 61184K, reserved 1099776K
  class space    used 11014K, capacity 11139K, committed 11264K, reserved 1048576K
Event: 211.552 GC heap after
Heap after GC invocations=9 (full 4):
 PSYoungGen      total 611840K, used 71003K [0x0000000795580000, 0x00000007c0000000, 0x00000007c0000000)
  eden space 524800K, 0% used [0x0000000795580000,0x0000000795580000,0x00000007b5600000)
  from space 87040K, 81% used [0x00000007b5600000,0x00000007b9b56f80,0x00000007bab00000)
  to   space 87040K, 0% used [0x00000007bab00000,0x00000007bab00000,0x00000007c0000000)
 ParOldGen       total 1398272K, used 17590K [0x0000000740000000, 0x0000000795580000, 0x0000000795580000)
  object space 1398272K, 1% used [0x0000000740000000,0x000000074112d810,0x0000000795580000)
 Metaspace       used 60579K, capacity 60998K, committed 61184K, reserved 1099776K
  class space    used 11014K, capacity 11139K, committed 11264K, reserved 1048576K
}
Event: 211.790 GC heap before
{Heap before GC invocations=10 (full 4):
 PSYoungGen      total 611840K, used 173020K [0x0000000795580000, 0x00000007c0000000, 0x00000007c0000000)
  eden space 524800K, 19% used [0x0000000795580000,0x000000079b920300,0x00000007b5600000)
  from space 87040K, 81% used [0x00000007b5600000,0x00000007b9b56f80,0x00000007bab00000)
  to   space 87040K, 0% used [0x00000007bab00000,0x00000007bab00000,0x00000007c0000000)
 ParOldGen       total 1398272K, used 17590K [0x0000000740000000, 0x0000000795580000, 0x0000000795580000)
  object space 1398272K, 1% used [0x0000000740000000,0x000000074112d810,0x0000000795580000)
 Metaspace       used 60884K, capacity 61382K, committed 61696K, reserved 1099776K
  class space    used 11060K, capacity 11203K, committed 11264K, reserved 1048576K
Event: 211.829 GC heap after
Heap after GC invocations=10 (full 4):
 PSYoungGen      total 611840K, used 55587K [0x0000000795580000, 0x00000007c0000000, 0x00000007c0000000)
  eden space 524800K, 0% used [0x0000000795580000,0x0000000795580000,0x00000007b5600000)
  from space 87040K, 63% used [0x00000007bab00000,0x00000007be148d38,0x00000007c0000000)
  to   space 87040K, 0% used [0x00000007b5600000,0x00000007b5600000,0x00000007bab00000)
 ParOldGen       total 1398272K, used 17598K [0x0000000740000000, 0x0000000795580000, 0x0000000795580000)
  object space 1398272K, 1% used [0x0000000740000000,0x000000074112f810,0x0000000795580000)
 Metaspace       used 60884K, capacity 61382K, committed 61696K, reserved 1099776K
  class space    used 11060K, capacity 11203K, committed 11264K, reserved 1048576K
}
Event: 211.829 GC heap before
{Heap before GC invocations=11 (full 5):
 PSYoungGen      total 611840K, used 55587K [0x0000000795580000, 0x00000007c0000000, 0x00000007c0000000)
  eden space 524800K, 0% used [0x0000000795580000,0x0000000795580000,0x00000007b5600000)
  from space 87040K, 63% used [0x00000007bab00000,0x00000007be148d38,0x00000007c0000000)
  to   space 87040K, 0% used [0x00000007b5600000,0x00000007b5600000,0x00000007bab00000)
 ParOldGen       total 1398272K, used 17598K [0x0000000740000000, 0x0000000795580000, 0x0000000795580000)
  object space 1398272K, 1% used [0x0000000740000000,0x000000074112f810,0x0000000795580000)
 Metaspace       used 60884K, capacity 61382K, committed 61696K, reserved 1099776K
  class space    used 11060K, capacity 11203K, committed 11264K, reserved 1048576K
Event: 212.162 GC heap after
Heap after GC invocations=11 (full 5):
 PSYoungGen      total 611840K, used 0K [0x0000000795580000, 0x00000007c0000000, 0x00000007c0000000)
  eden space 524800K, 0% used [0x0000000795580000,0x0000000795580000,0x00000007b5600000)
  from space 87040K, 0% used [0x00000007bab00000,0x00000007bab00000,0x00000007c0000000)
  to   space 87040K, 0% used [0x00000007b5600000,0x00000007b5600000,0x00000007bab00000)
 ParOldGen       total 1398272K, used 65907K [0x0000000740000000, 0x0000000795580000, 0x0000000795580000)
  object space 1398272K, 4% used [0x0000000740000000,0x000000074405ccd0,0x0000000795580000)
 Metaspace       used 60882K, capacity 61376K, committed 61696K, reserved 1099776K
  class space    used 11060K, capacity 11201K, committed 11264K, reserved 1048576K
}
Event: 212.166 GC heap before
{Heap before GC invocations=12 (full 5):
 PSYoungGen      total 611840K, used 20362K [0x0000000795580000, 0x00000007c0000000, 0x00000007c0000000)
  eden space 524800K, 3% used [0x0000000795580000,0x0000000796962b88,0x00000007b5600000)
  from space 87040K, 0% used [0x00000007bab00000,0x00000007bab00000,0x00000007c0000000)
  to   space 87040K, 0% used [0x00000007b5600000,0x00000007b5600000,0x00000007bab00000)
 ParOldGen       total 1398272K, used 65907K [0x0000000740000000, 0x0000000795580000, 0x0000000795580000)
  object space 1398272K, 4% used [0x0000000740000000,0x000000074405ccd0,0x0000000795580000)
 Metaspace       used 60882K, capacity 61376K, committed 61696K, reserved 1099776K
  class space    used 11060K, capacity 11201K, committed 11264K, reserved 1048576K
Event: 212.168 GC heap after
Heap after GC invocations=12 (full 5):
 PSYoungGen      total 611840K, used 32K [0x0000000795580000, 0x00000007c0000000, 0x00000007c0000000)
  eden space 524800K, 0% used [0x0000000795580000,0x0000000795580000,0x00000007b5600000)
  from space 87040K, 0% used [0x00000007b5600000,0x00000007b5608000,0x00000007bab00000)
  to   space 87040K, 0% used [0x00000007bab00000,0x00000007bab00000,0x00000007c0000000)
 ParOldGen       total 1398272K, used 65907K [0x0000000740000000, 0x0000000795580000, 0x0000000795580000)
  object space 1398272K, 4% used [0x0000000740000000,0x000000074405ccd0,0x0000000795580000)
 Metaspace       used 60882K, capacity 61376K, committed 61696K, reserved 1099776K
  class space    used 11060K, capacity 11201K, committed 11264K, reserved 1048576K
}
Event: 212.168 GC heap before
{Heap before GC invocations=13 (full 6):
 PSYoungGen      total 611840K, used 32K [0x0000000795580000, 0x00000007c0000000, 0x00000007c0000000)
  eden space 524800K, 0% used [0x0000000795580000,0x0000000795580000,0x00000007b5600000)
  from space 87040K, 0% used [0x00000007b5600000,0x00000007b5608000,0x00000007bab00000)
  to   space 87040K, 0% used [0x00000007bab00000,0x00000007bab00000,0x00000007c0000000)
 ParOldGen       total 1398272K, used 65907K [0x0000000740000000, 0x0000000795580000, 0x0000000795580000)
  object space 1398272K, 4% used [0x0000000740000000,0x000000074405ccd0,0x0000000795580000)
 Metaspace       used 60882K, capacity 61376K, committed 61696K, reserved 1099776K
  class space    used 11060K, capacity 11201K, committed 11264K, reserved 1048576K
Event: 212.566 GC heap after
Heap after GC invocations=13 (full 6):
 PSYoungGen      total 611840K, used 0K [0x0000000795580000, 0x00000007c0000000, 0x00000007c0000000)
  eden space 524800K, 0% used [0x0000000795580000,0x0000000795580000,0x00000007b5600000)
  from space 87040K, 0% used [0x00000007b5600000,0x00000007b5600000,0x00000007bab00000)
  to   space 87040K, 0% used [0x00000007bab00000,0x00000007bab00000,0x00000007c0000000)
 ParOldGen       total 1398272K, used 64877K [0x0000000740000000, 0x0000000795580000, 0x0000000795580000)
  object space 1398272K, 4% used [0x0000000740000000,0x0000000743f5b518,0x0000000795580000)
 Metaspace       used 60882K, capacity 61376K, committed 61696K, reserved 1099776K
  class space    used 11060K, capacity 11201K, committed 11264K, reserved 1048576K
}

Deoptimization events (10 events):
Event: 216.747 Thread 0x00007fca13800000 Uncommon trap: reason=class_check action=maybe_recompile pc=0x00000001116e0810 method=sbt.complete.Parsers$$anonfun$identifier$1.apply(Lscala/Tuple2;)Ljava/lang/String; @ 51
Event: 216.747 Thread 0x00007fca13800000 Uncommon trap: reason=class_check action=maybe_recompile pc=0x0000000111fbf6f4 method=sbt.complete.Parser$$anonfun$seqParser$1$$anonfun$apply$1.apply()Lsbt/complete/Parser; @ 11
Event: 216.748 Thread 0x00007fca13800000 Uncommon trap: reason=class_check action=maybe_recompile pc=0x00000001116e0810 method=sbt.complete.Parsers$$anonfun$identifier$1.apply(Lscala/Tuple2;)Ljava/lang/String; @ 51
Event: 216.748 Thread 0x00007fca13800000 Uncommon trap: reason=class_check action=maybe_recompile pc=0x0000000111fbf6f4 method=sbt.complete.Parser$$anonfun$seqParser$1$$anonfun$apply$1.apply()Lsbt/complete/Parser; @ 11
Event: 216.748 Thread 0x00007fca13800000 Uncommon trap: reason=unstable_if action=reinterpret pc=0x0000000111fb2560 method=java.lang.Character.isLetter(I)Z @ 9
Event: 216.748 Thread 0x00007fca13800000 Uncommon trap: reason=class_check action=maybe_recompile pc=0x00000001116e0810 method=sbt.complete.Parsers$$anonfun$identifier$1.apply(Lscala/Tuple2;)Ljava/lang/String; @ 51
Event: 281.033 Thread 0x00007fca13800000 Uncommon trap: reason=class_check action=maybe_recompile pc=0x0000000111761860 method=scala.collection.immutable.Range.<init>(III)V @ 74
Event: 281.033 Thread 0x00007fca13800000 Uncommon trap: reason=class_check action=maybe_recompile pc=0x0000000111761860 method=scala.collection.immutable.Range.<init>(III)V @ 74
Event: 281.033 Thread 0x00007fca13800000 Uncommon trap: reason=class_check action=maybe_recompile pc=0x0000000111761860 method=scala.collection.immutable.Range.<init>(III)V @ 74
Event: 281.033 Thread 0x00007fca13800000 Uncommon trap: reason=class_check action=maybe_recompile pc=0x0000000111761860 method=scala.collection.immutable.Range.<init>(III)V @ 74

Internal exceptions (10 events):
Event: 163.149 Thread 0x00007fca163bf000 Exception <a 'java/security/PrivilegedActionException'> (0x00000007ab3649b8) thrown at [/Users/java_re/workspace/8-2-build-macosx-x86_64/jdk8u60/4407/hotspot/src/share/vm/prims/jvm.cpp, line 1386]
Event: 211.349 Thread 0x00007fca163bf000 Implicit null exception at 0x0000000110fc8fb7 to 0x0000000110fc9605
Event: 211.668 Thread 0x00007fca163bf000 Implicit null exception at 0x000000011242c2d7 to 0x000000011242ca2d
Event: 212.698 Thread 0x00007fca13800000 Exception <a 'java/io/FileNotFoundException'> (0x00000007958cf058) thrown at [/Users/java_re/workspace/8-2-build-macosx-x86_64/jdk8u60/4407/hotspot/src/share/vm/prims/jni.cpp, line 709]
Event: 216.810 Thread 0x00007fca13800000 Exception <a 'java/io/FileNotFoundException'> (0x0000000795ab4358) thrown at [/Users/java_re/workspace/8-2-build-macosx-x86_64/jdk8u60/4407/hotspot/src/share/vm/prims/jni.cpp, line 709]
Event: 281.095 Thread 0x00007fca13800000 Exception <a 'java/io/FileNotFoundException'> (0x0000000795c76420) thrown at [/Users/java_re/workspace/8-2-build-macosx-x86_64/jdk8u60/4407/hotspot/src/share/vm/prims/jni.cpp, line 709]
Event: 282.277 Thread 0x00007fca13800000 Exception <a 'java/io/FileNotFoundException'> (0x00000007962766f0) thrown at [/Users/java_re/workspace/8-2-build-macosx-x86_64/jdk8u60/4407/hotspot/src/share/vm/prims/jni.cpp, line 709]
Event: 284.209 Thread 0x00007fca13800000 Exception <a 'java/io/FileNotFoundException'> (0x000000079638bbb8) thrown at [/Users/java_re/workspace/8-2-build-macosx-x86_64/jdk8u60/4407/hotspot/src/share/vm/prims/jni.cpp, line 709]
Event: 286.117 Thread 0x00007fca13800000 Exception <a 'java/io/FileNotFoundException'> (0x00000007964814d8) thrown at [/Users/java_re/workspace/8-2-build-macosx-x86_64/jdk8u60/4407/hotspot/src/share/vm/prims/jni.cpp, line 709]
Event: 287.759 Thread 0x00007fca13800000 Exception <a 'java/io/FileNotFoundException'> (0x000000079655a500) thrown at [/Users/java_re/workspace/8-2-build-macosx-x86_64/jdk8u60/4407/hotspot/src/share/vm/prims/jni.cpp, line 709]

Events (10 events):
Event: 347.795 Executing VM operation: RevokeBias
Event: 347.796 Executing VM operation: RevokeBias done
Event: 347.796 Thread 0x00007fca190aa000 Thread exited: 0x00007fca190aa000
Event: 611.583 Thread 0x00007fca190aa000 Thread added: 0x00007fca190aa000
Event: 612.003 loading class sbt/State$Return
Event: 612.003 loading class sbt/State$Return done
Event: 612.004 loading class sbt/Exit
Event: 612.004 loading class sbt/Exit done
Event: 612.004 loading class xsbti/Exit
Event: 612.004 loading class xsbti/Exit done


Dynamic libraries:
0x000000000113e000 	/System/Library/Frameworks/Cocoa.framework/Versions/A/Cocoa
0x000000000113e000 	/System/Library/Frameworks/Security.framework/Versions/A/Security
0x000000000113e000 	/System/Library/Frameworks/ApplicationServices.framework/Versions/A/ApplicationServices
0x000000000113e000 	/usr/lib/libz.1.dylib
0x000000000113e000 	/usr/lib/libSystem.B.dylib
0x000000000113e000 	/usr/lib/libobjc.A.dylib
0x000000000113e000 	/System/Library/Frameworks/CoreFoundation.framework/Versions/A/CoreFoundation
0x000000000113e000 	/System/Library/Frameworks/Foundation.framework/Versions/C/Foundation
0x000000000113e000 	/System/Library/Frameworks/AppKit.framework/Versions/C/AppKit
0x000000000113e000 	/System/Library/Frameworks/CoreData.framework/Versions/A/CoreData
0x000000000113e000 	/System/Library/PrivateFrameworks/RemoteViewServices.framework/Versions/A/RemoteViewServices
0x000000000113e000 	/System/Library/PrivateFrameworks/UIFoundation.framework/Versions/A/UIFoundation
0x000000000113e000 	/usr/lib/libScreenReader.dylib
0x000000000113e000 	/System/Library/Frameworks/Accelerate.framework/Versions/A/Accelerate
0x000000000113e000 	/System/Library/Frameworks/IOSurface.framework/Versions/A/IOSurface
0x000000000113e000 	/System/Library/Frameworks/AudioToolbox.framework/Versions/A/AudioToolbox
0x000000000113e000 	/System/Library/Frameworks/AudioUnit.framework/Versions/A/AudioUnit
0x000000000113e000 	/System/Library/PrivateFrameworks/DataDetectorsCore.framework/Versions/A/DataDetectorsCore
0x000000000113e000 	/System/Library/PrivateFrameworks/DesktopServicesPriv.framework/Versions/A/DesktopServicesPriv
0x000000000113e000 	/System/Library/Frameworks/Carbon.framework/Versions/A/Frameworks/HIToolbox.framework/Versions/A/HIToolbox
0x000000000113e000 	/System/Library/Frameworks/QuartzCore.framework/Versions/A/QuartzCore
0x000000000113e000 	/System/Library/Frameworks/Carbon.framework/Versions/A/Frameworks/SpeechRecognition.framework/Versions/A/SpeechRecognition
0x000000000113e000 	/usr/lib/libauto.dylib
0x000000000113e000 	/usr/lib/libicucore.A.dylib
0x000000000113e000 	/usr/lib/libxml2.2.dylib
0x000000000113e000 	/System/Library/PrivateFrameworks/CoreUI.framework/Versions/A/CoreUI
0x000000000113e000 	/System/Library/Frameworks/CoreAudio.framework/Versions/A/CoreAudio
0x000000000113e000 	/System/Library/Frameworks/DiskArbitration.framework/Versions/A/DiskArbitration
0x000000000113e000 	/usr/lib/liblangid.dylib
0x000000000113e000 	/System/Library/PrivateFrameworks/MultitouchSupport.framework/Versions/A/MultitouchSupport
0x000000000113e000 	/System/Library/Frameworks/IOKit.framework/Versions/A/IOKit
0x000000000113e000 	/usr/lib/libDiagnosticMessagesClient.dylib
0x000000000113e000 	/System/Library/Frameworks/CoreServices.framework/Versions/A/CoreServices
0x000000000113e000 	/System/Library/PrivateFrameworks/PerformanceAnalysis.framework/Versions/A/PerformanceAnalysis
0x000000000113e000 	/System/Library/PrivateFrameworks/GenerationalStorage.framework/Versions/A/GenerationalStorage
0x000000000113e000 	/System/Library/Frameworks/OpenGL.framework/Versions/A/OpenGL
0x000000000113e000 	/System/Library/PrivateFrameworks/Sharing.framework/Versions/A/Sharing
0x000000000113e000 	/System/Library/Frameworks/CoreGraphics.framework/Versions/A/CoreGraphics
0x000000000113e000 	/System/Library/Frameworks/CoreImage.framework/Versions/A/CoreImage
0x000000000113e000 	/System/Library/Frameworks/CoreText.framework/Versions/A/CoreText
0x000000000113e000 	/System/Library/Frameworks/ImageIO.framework/Versions/A/ImageIO
0x000000000113e000 	/System/Library/PrivateFrameworks/Backup.framework/Versions/A/Backup
0x000000000113e000 	/usr/lib/libextension.dylib
0x000000000113e000 	/usr/lib/libarchive.2.dylib
0x000000000113e000 	/System/Library/Frameworks/CFNetwork.framework/Versions/A/CFNetwork
0x000000000113e000 	/System/Library/Frameworks/SystemConfiguration.framework/Versions/A/SystemConfiguration
0x000000000113e000 	/usr/lib/libCRFSuite.dylib
0x000000000113e000 	/usr/lib/libc++.1.dylib
0x000000000113e000 	/usr/lib/libc++abi.dylib
0x000000000113e000 	/usr/lib/system/libcache.dylib
0x000000000113e000 	/usr/lib/system/libcommonCrypto.dylib
0x000000000113e000 	/usr/lib/system/libcompiler_rt.dylib
0x000000000113e000 	/usr/lib/system/libcopyfile.dylib
0x000000000113e000 	/usr/lib/system/libcorecrypto.dylib
0x000000000113e000 	/usr/lib/system/libdispatch.dylib
0x000000000113e000 	/usr/lib/system/libdyld.dylib
0x000000000113e000 	/usr/lib/system/libkeymgr.dylib
0x000000000113e000 	/usr/lib/system/liblaunch.dylib
0x000000000113e000 	/usr/lib/system/libmacho.dylib
0x000000000113e000 	/usr/lib/system/libquarantine.dylib
0x000000000113e000 	/usr/lib/system/libremovefile.dylib
0x000000000113e000 	/usr/lib/system/libsystem_asl.dylib
0x000000000113e000 	/usr/lib/system/libsystem_blocks.dylib
0x000000000113e000 	/usr/lib/system/libsystem_c.dylib
0x000000000113e000 	/usr/lib/system/libsystem_configuration.dylib
0x000000000113e000 	/usr/lib/system/libsystem_coreservices.dylib
0x000000000113e000 	/usr/lib/system/libsystem_coretls.dylib
0x000000000113e000 	/usr/lib/system/libsystem_dnssd.dylib
0x000000000113e000 	/usr/lib/system/libsystem_info.dylib
0x000000000113e000 	/usr/lib/system/libsystem_kernel.dylib
0x000000000113e000 	/usr/lib/system/libsystem_m.dylib
0x000000000113e000 	/usr/lib/system/libsystem_malloc.dylib
0x000000000113e000 	/usr/lib/system/libsystem_network.dylib
0x000000000113e000 	/usr/lib/system/libsystem_networkextension.dylib
0x000000000113e000 	/usr/lib/system/libsystem_notify.dylib
0x000000000113e000 	/usr/lib/system/libsystem_platform.dylib
0x000000000113e000 	/usr/lib/system/libsystem_pthread.dylib
0x000000000113e000 	/usr/lib/system/libsystem_sandbox.dylib
0x000000000113e000 	/usr/lib/system/libsystem_secinit.dylib
0x000000000113e000 	/usr/lib/system/libsystem_trace.dylib
0x000000000113e000 	/usr/lib/system/libunc.dylib
0x000000000113e000 	/usr/lib/system/libunwind.dylib
0x000000000113e000 	/usr/lib/system/libxpc.dylib
0x000000000113e000 	/usr/lib/libenergytrace.dylib
0x000000000113e000 	/usr/lib/libbsm.0.dylib
0x000000000113e000 	/usr/lib/system/libkxld.dylib
0x000000000113e000 	/usr/lib/libxar.1.dylib
0x000000000113e000 	/usr/lib/libsqlite3.dylib
0x000000000113e000 	/usr/lib/libpam.2.dylib
0x000000000113e000 	/usr/lib/libOpenScriptingUtil.dylib
0x000000000113e000 	/usr/lib/libbz2.1.0.dylib
0x000000000113e000 	/usr/lib/liblzma.5.dylib
0x000000000113e000 	/System/Library/Frameworks/CoreServices.framework/Versions/A/Frameworks/FSEvents.framework/Versions/A/FSEvents
0x000000000113e000 	/System/Library/Frameworks/CoreServices.framework/Versions/A/Frameworks/CarbonCore.framework/Versions/A/CarbonCore
0x000000000113e000 	/System/Library/Frameworks/CoreServices.framework/Versions/A/Frameworks/Metadata.framework/Versions/A/Metadata
0x000000000113e000 	/System/Library/Frameworks/CoreServices.framework/Versions/A/Frameworks/OSServices.framework/Versions/A/OSServices
0x000000000113e000 	/System/Library/Frameworks/CoreServices.framework/Versions/A/Frameworks/SearchKit.framework/Versions/A/SearchKit
0x000000000113e000 	/System/Library/Frameworks/CoreServices.framework/Versions/A/Frameworks/AE.framework/Versions/A/AE
0x000000000113e000 	/System/Library/Frameworks/CoreServices.framework/Versions/A/Frameworks/LaunchServices.framework/Versions/A/LaunchServices
0x000000000113e000 	/System/Library/Frameworks/CoreServices.framework/Versions/A/Frameworks/DictionaryServices.framework/Versions/A/DictionaryServices
0x000000000113e000 	/System/Library/Frameworks/CoreServices.framework/Versions/A/Frameworks/SharedFileList.framework/Versions/A/SharedFileList
0x000000000113e000 	/System/Library/Frameworks/NetFS.framework/Versions/A/NetFS
0x000000000113e000 	/System/Library/PrivateFrameworks/NetAuth.framework/Versions/A/NetAuth
0x000000000113e000 	/System/Library/PrivateFrameworks/login.framework/Versions/A/Frameworks/loginsupport.framework/Versions/A/loginsupport
0x000000000113e000 	/System/Library/PrivateFrameworks/TCC.framework/Versions/A/TCC
0x000000000113e000 	/usr/lib/libmecabra.dylib
0x000000000113e000 	/System/Library/Frameworks/ApplicationServices.framework/Versions/A/Frameworks/ATS.framework/Versions/A/ATS
0x000000000113e000 	/System/Library/Frameworks/ApplicationServices.framework/Versions/A/Frameworks/ColorSync.framework/Versions/A/ColorSync
0x000000000113e000 	/System/Library/Frameworks/ApplicationServices.framework/Versions/A/Frameworks/HIServices.framework/Versions/A/HIServices
0x000000000113e000 	/System/Library/Frameworks/ApplicationServices.framework/Versions/A/Frameworks/LangAnalysis.framework/Versions/A/LangAnalysis
0x000000000113e000 	/System/Library/Frameworks/ApplicationServices.framework/Versions/A/Frameworks/PrintCore.framework/Versions/A/PrintCore
0x000000000113e000 	/System/Library/Frameworks/ApplicationServices.framework/Versions/A/Frameworks/QD.framework/Versions/A/QD
0x000000000113e000 	/System/Library/Frameworks/ApplicationServices.framework/Versions/A/Frameworks/SpeechSynthesis.framework/Versions/A/SpeechSynthesis
0x000000000113e000 	/System/Library/Frameworks/Metal.framework/Versions/A/Metal
0x000000000113e000 	/System/Library/Frameworks/Accelerate.framework/Versions/A/Frameworks/vImage.framework/Versions/A/vImage
0x000000000113e000 	/System/Library/Frameworks/Accelerate.framework/Versions/A/Frameworks/vecLib.framework/Versions/A/vecLib
0x000000000113e000 	/System/Library/Frameworks/Accelerate.framework/Versions/A/Frameworks/vecLib.framework/Versions/A/libvDSP.dylib
0x000000000113e000 	/System/Library/Frameworks/Accelerate.framework/Versions/A/Frameworks/vecLib.framework/Versions/A/libvMisc.dylib
0x000000000113e000 	/System/Library/Frameworks/Accelerate.framework/Versions/A/Frameworks/vecLib.framework/Versions/A/libLAPACK.dylib
0x000000000113e000 	/System/Library/Frameworks/Accelerate.framework/Versions/A/Frameworks/vecLib.framework/Versions/A/libBLAS.dylib
0x000000000113e000 	/System/Library/Frameworks/Accelerate.framework/Versions/A/Frameworks/vecLib.framework/Versions/A/libLinearAlgebra.dylib
0x000000000113e000 	/System/Library/Frameworks/Accelerate.framework/Versions/A/Frameworks/vecLib.framework/Versions/A/libSparseBLAS.dylib
0x000000000113e000 	/System/Library/PrivateFrameworks/GPUCompiler.framework/libmetal_timestamp.dylib
0x000000000113e000 	/System/Library/Frameworks/OpenGL.framework/Versions/A/Libraries/libCoreFSCache.dylib
0x000000000113e000 	/System/Library/PrivateFrameworks/IOAccelerator.framework/Versions/A/IOAccelerator
0x000000000113e000 	/System/Library/Frameworks/ApplicationServices.framework/Versions/A/Frameworks/ATS.framework/Versions/A/Resources/libFontParser.dylib
0x000000000113e000 	/System/Library/Frameworks/ApplicationServices.framework/Versions/A/Frameworks/ATS.framework/Versions/A/Resources/libFontRegistry.dylib
0x000000000113e000 	/System/Library/PrivateFrameworks/AppleVPA.framework/Versions/A/AppleVPA
0x000000000113e000 	/System/Library/PrivateFrameworks/AppleJPEG.framework/Versions/A/AppleJPEG
0x000000000113e000 	/System/Library/Frameworks/ImageIO.framework/Versions/A/Resources/libJPEG.dylib
0x000000000113e000 	/System/Library/Frameworks/ImageIO.framework/Versions/A/Resources/libTIFF.dylib
0x000000000113e000 	/System/Library/Frameworks/ImageIO.framework/Versions/A/Resources/libPng.dylib
0x000000000113e000 	/System/Library/Frameworks/ImageIO.framework/Versions/A/Resources/libGIF.dylib
0x000000000113e000 	/System/Library/Frameworks/ImageIO.framework/Versions/A/Resources/libJP2.dylib
0x000000000113e000 	/System/Library/Frameworks/ImageIO.framework/Versions/A/Resources/libRadiance.dylib
0x000000000113e000 	/System/Library/Frameworks/CoreVideo.framework/Versions/A/CoreVideo
0x000000000113e000 	/System/Library/Frameworks/OpenGL.framework/Versions/A/Libraries/libGLU.dylib
0x000000000113e000 	/System/Library/Frameworks/OpenGL.framework/Versions/A/Libraries/libGFXShared.dylib
0x000000000113e000 	/System/Library/Frameworks/OpenGL.framework/Versions/A/Libraries/libGL.dylib
0x000000000113e000 	/System/Library/Frameworks/OpenGL.framework/Versions/A/Libraries/libGLImage.dylib
0x000000000113e000 	/System/Library/Frameworks/OpenGL.framework/Versions/A/Libraries/libCVMSPluginSupport.dylib
0x000000000113e000 	/System/Library/Frameworks/OpenGL.framework/Versions/A/Libraries/libCoreVMClient.dylib
0x000000000113e000 	/usr/lib/libcompression.dylib
0x000000000113e000 	/usr/lib/libcups.2.dylib
0x000000000113e000 	/System/Library/Frameworks/Kerberos.framework/Versions/A/Kerberos
0x000000000113e000 	/System/Library/Frameworks/GSS.framework/Versions/A/GSS
0x000000000113e000 	/usr/lib/libresolv.9.dylib
0x000000000113e000 	/usr/lib/libiconv.2.dylib
0x000000000113e000 	/System/Library/PrivateFrameworks/Heimdal.framework/Versions/A/Heimdal
0x000000000113e000 	/usr/lib/libheimdal-asn1.dylib
0x000000000113e000 	/System/Library/Frameworks/OpenDirectory.framework/Versions/A/OpenDirectory
0x000000000113e000 	/System/Library/PrivateFrameworks/CommonAuth.framework/Versions/A/CommonAuth
0x000000000113e000 	/System/Library/Frameworks/OpenDirectory.framework/Versions/A/Frameworks/CFOpenDirectory.framework/Versions/A/CFOpenDirectory
0x000000000113e000 	/System/Library/Frameworks/SecurityFoundation.framework/Versions/A/SecurityFoundation
0x000000000113e000 	/System/Library/PrivateFrameworks/LanguageModeling.framework/Versions/A/LanguageModeling
0x000000000113e000 	/usr/lib/libmarisa.dylib
0x000000000113e000 	/usr/lib/libChineseTokenizer.dylib
0x000000000113e000 	/usr/lib/libcmph.dylib
0x000000000113e000 	/System/Library/Frameworks/ServiceManagement.framework/Versions/A/ServiceManagement
0x000000000113e000 	/usr/lib/libxslt.1.dylib
0x000000000113e000 	/System/Library/Frameworks/Carbon.framework/Versions/A/Frameworks/Ink.framework/Versions/A/Ink
0x000000000113e000 	/usr/lib/libFosl_dynamic.dylib
0x000000000113e000 	/System/Library/PrivateFrameworks/FaceCore.framework/Versions/A/FaceCore
0x000000000113e000 	/System/Library/Frameworks/OpenCL.framework/Versions/A/OpenCL
0x000000000113e000 	/System/Library/PrivateFrameworks/CrashReporterSupport.framework/Versions/A/CrashReporterSupport
0x000000000113e000 	/System/Library/PrivateFrameworks/IconServices.framework/Versions/A/IconServices
0x000000000113e000 	/System/Library/PrivateFrameworks/Apple80211.framework/Versions/A/Apple80211
0x000000000113e000 	/System/Library/Frameworks/CoreWLAN.framework/Versions/A/CoreWLAN
0x000000000113e000 	/System/Library/Frameworks/IOBluetooth.framework/Versions/A/IOBluetooth
0x000000000113e000 	/System/Library/PrivateFrameworks/CoreWiFi.framework/Versions/A/CoreWiFi
0x000000000113e000 	/System/Library/Frameworks/CoreBluetooth.framework/Versions/A/CoreBluetooth
0x000000000113e000 	/System/Library/PrivateFrameworks/ChunkingLibrary.framework/Versions/A/ChunkingLibrary
0x000000000113e000 	/System/Library/PrivateFrameworks/DebugSymbols.framework/Versions/A/DebugSymbols
0x000000000113e000 	/System/Library/PrivateFrameworks/CoreSymbolication.framework/Versions/A/CoreSymbolication
0x000000000113e000 	/System/Library/PrivateFrameworks/Symbolication.framework/Versions/A/Symbolication
0x000000000113e000 	/System/Library/PrivateFrameworks/SpeechRecognitionCore.framework/Versions/A/SpeechRecognitionCore
0x000000010fe00000 	/Library/Java/JavaVirtualMachines/jdk1.8.0_60.jdk/Contents/Home/jre/lib/server/libjvm.dylib
0x000000000113e000 	/usr/lib/libstdc++.6.dylib
0x000000010ecc6000 	/Library/Java/JavaVirtualMachines/jdk1.8.0_60.jdk/Contents/Home/jre/lib/libverify.dylib
0x000000010ecd4000 	/Library/Java/JavaVirtualMachines/jdk1.8.0_60.jdk/Contents/Home/jre/lib/libjava.dylib
0x000000010ed13000 	/Library/Java/JavaVirtualMachines/jdk1.8.0_60.jdk/Contents/Home/jre/lib/libzip.dylib
0x000000012726f000 	/System/Library/Frameworks/JavaVM.framework/Frameworks/JavaRuntimeSupport.framework/JavaRuntimeSupport
0x000000012728a000 	/System/Library/Frameworks/JavaVM.framework/Versions/A/Frameworks/JavaNativeFoundation.framework/Versions/A/JavaNativeFoundation
0x000000010edf0000 	/System/Library/Frameworks/JavaVM.framework/Versions/A/JavaVM
0x000000000113e000 	/System/Library/Frameworks/Carbon.framework/Versions/A/Carbon
0x000000012729f000 	/System/Library/PrivateFrameworks/JavaLaunching.framework/Versions/A/JavaLaunching
0x000000000113e000 	/System/Library/Frameworks/Carbon.framework/Versions/A/Frameworks/CommonPanels.framework/Versions/A/CommonPanels
0x000000000113e000 	/System/Library/Frameworks/Carbon.framework/Versions/A/Frameworks/Help.framework/Versions/A/Help
0x000000000113e000 	/System/Library/Frameworks/Carbon.framework/Versions/A/Frameworks/ImageCapture.framework/Versions/A/ImageCapture
0x000000000113e000 	/System/Library/Frameworks/Carbon.framework/Versions/A/Frameworks/OpenScripting.framework/Versions/A/OpenScripting
0x000000000113e000 	/System/Library/Frameworks/Carbon.framework/Versions/A/Frameworks/Print.framework/Versions/A/Print
0x000000000113e000 	/System/Library/Frameworks/Carbon.framework/Versions/A/Frameworks/SecurityHI.framework/Versions/A/SecurityHI
0x0000000128bc0000 	/Library/Java/JavaVirtualMachines/jdk1.8.0_60.jdk/Contents/Home/jre/lib/libnet.dylib
0x0000000128c1f000 	/Library/Java/JavaVirtualMachines/jdk1.8.0_60.jdk/Contents/Home/jre/lib/libmanagement.dylib
0x0000000128c2d000 	/Library/Java/JavaVirtualMachines/jdk1.8.0_60.jdk/Contents/Home/jre/lib/libnio.dylib
0x0000000128d7b000 	/Library/Java/JavaVirtualMachines/jdk1.8.0_60.jdk/Contents/Home/jre/lib/libsunec.dylib

VM Arguments:
jvm_args: -Xms2048M -Xmx2048M -Xss1M -Dcom.sun.management.jmxremote -Dscala.color 
java_command: /Users/marqvi5/DropBox/HomeDir/bin/sbt-launch.jar
java_class_path (initial): /Users/marqvi5/DropBox/HomeDir/bin/sbt-launch.jar
Launcher Type: SUN_STANDARD

Environment Variables:
JAVA_HOME=/Library/Java/JavaVirtualMachines/jdk1.8.0_60.jdk/Contents/Home
PATH=/Users/marqvi5/play-2.0.2:/Users/marqvi5/Dropbox/bin/play-2.0/:/Users/marqvi5/bin:/Users/marqvi5/DropBox/HomeDir/apache-maven-3.3.3/bin/:/Users/marqvi5/DropBox/HomeDir/bin/:/usr/local/bin:/usr/bin:/bin:/usr/sbin:/sbin:/Applications/Wireshark.app/Contents/MacOS
SHELL=/bin/bash

Signal Handlers:
SIGSEGV: [libjvm.dylib+0x5a6d31], sa_mask[0]=11111111011111110111111111111111, sa_flags=SA_ONSTACK|SA_RESTART|SA_SIGINFO
SIGBUS: [libjvm.dylib+0x5a6d31], sa_mask[0]=11111111011111110111111111111111, sa_flags=SA_RESTART|SA_SIGINFO
SIGFPE: [libjvm.dylib+0x480a4c], sa_mask[0]=11111111011111110111111111111111, sa_flags=SA_RESTART|SA_SIGINFO
SIGPIPE: [libjvm.dylib+0x480a4c], sa_mask[0]=11111111011111110111111111111111, sa_flags=SA_RESTART|SA_SIGINFO
SIGXFSZ: [libjvm.dylib+0x480a4c], sa_mask[0]=11111111011111110111111111111111, sa_flags=SA_RESTART|SA_SIGINFO
SIGILL: [libjvm.dylib+0x480a4c], sa_mask[0]=11111111011111110111111111111111, sa_flags=SA_RESTART|SA_SIGINFO
SIGUSR1: SIG_DFL, sa_mask[0]=00000000000000000000000000000000, sa_flags=none
SIGUSR2: [libjvm.dylib+0x48056a], sa_mask[0]=00000000000000000000000000000000, sa_flags=SA_RESTART|SA_SIGINFO
SIGHUP: [libjvm.dylib+0x47eb41], sa_mask[0]=11111111011111110111111111111111, sa_flags=SA_RESTART|SA_SIGINFO
SIGINT: [libjvm.dylib+0x47eb41], sa_mask[0]=11111111011111110111111111111111, sa_flags=SA_RESTART|SA_SIGINFO
SIGTERM: [libjvm.dylib+0x47eb41], sa_mask[0]=11111111011111110111111111111111, sa_flags=SA_RESTART|SA_SIGINFO
SIGQUIT: [libjvm.dylib+0x47eb41], sa_mask[0]=11111111011111110111111111111111, sa_flags=SA_RESTART|SA_SIGINFO


---------------  S Y S T E M  ---------------

OS:Bsduname:Darwin 15.6.0 Darwin Kernel Version 15.6.0: Mon Jan  9 23:07:29 PST 2017; root:xnu-3248.60.11.2.1~1/RELEASE_X86_64 x86_64
rlimit: STACK 8192k, CORE 0k, NPROC 709, NOFILE 4096, AS infinity
load average:1.96 1.61 1.08

CPU:total 8 (4 cores per cpu, 2 threads per core) family 6 model 70 stepping 1, cmov, cx8, fxsr, mmx, sse, sse2, sse3, ssse3, sse4.1, sse4.2, popcnt, avx, avx2, aes, clmul, erms, lzcnt, ht, tsc, tscinvbit, bmi1, bmi2

Memory: 4k page, physical 16777216k(1155488k free)

/proc/meminfo:


vm_info: Java HotSpot(TM) 64-Bit Server VM (25.60-b23) for bsd-amd64 JRE (1.8.0_60-b27), built on Aug  4 2015 10:47:24 by "java_re" with gcc 4.2.1 (Based on Apple Inc. build 5658) (LLVM build 2336.11.00)

time: Sat May 13 12:06:17 2017
elapsed time: 612 seconds (0d 0h 10m 12s)

